2022-10-27 20:59:12,321 - WARNING - Chief:: Lora:: used key-card at:: Склад
2022-10-27 20:59:15,312 - WARNING - Chief:: Lora:: used key-card at:: Склад
2022-10-27 20:59:17,704 - WARNING - Waiter:: Neil:: used key-card at:: Кухня
2022-10-27 20:59:22,548 - WARNING - Security:: John:: used key-card at:: Склад
2022-10-27 20:59:25,159 - WARNING - Security:: John:: used key-card at:: Зона клиентов
2022-10-27 20:59:29,738 - WARNING - Waiter:: Sophia:: used key-card at:: Охранная будка
2022-10-27 20:59:31,424 - WARNING - Waiter:: Sophia:: used key-card at:: Зона отдыха (курилка)
2022-10-27 20:59:33,424 - WARNING - Waiter:: Mike:: used key-card at:: Зона клиентов
2022-10-27 20:59:37,858 - WARNING - Waiter:: Sophia:: used key-card at:: Охранная будка
2022-10-27 20:59:43,072 - WARNING - Waiter:: Sophia:: used key-card at:: Зона клиентов
2022-10-27 20:59:48,412 - WARNING - Security:: Mark:: used key-card at:: Зона клиентов
2022-10-27 20:59:53,613 - WARNING - Security:: John:: used key-card at:: Зона отдыха (курилка)
2022-10-27 20:59:55,973 - WARNING - Waiter:: Mike:: used key-card at:: Склад
2022-10-27 20:59:58,889 - WARNING - Waiter:: Julia:: used key-card at:: Зона отдыха (курилка)
2022-10-27 21:00:00,850 - WARNING - Waiter:: Neil:: used key-card at:: Кухня
2022-10-27 21:00:04,508 - WARNING - Security:: Mark:: used key-card at:: Охранная будка
2022-10-27 21:00:08,412 - WARNING - Security:: Mark:: used key-card at:: Технический Сан-Узел
2022-10-27 21:00:13,182 - WARNING - Chief:: Lora:: used key-card at:: Охранная будка
2022-10-27 21:00:17,905 - WARNING - Waiter:: Neil:: used key-card at:: Охранная будка
2022-10-27 21:00:23,221 - WARNING - Waiter:: Sophia:: used key-card at:: Зона клиентов
2022-10-27 21:00:27,812 - WARNING - Waiter:: Neil:: used key-card at:: Склад
2022-10-27 21:00:31,978 - WARNING - Waiter:: Julia:: used key-card at:: Охранная будка
2022-10-27 21:00:35,354 - WARNING - Chief:: Lora:: used key-card at:: Технический Сан-Узел
2022-10-27 21:00:39,176 - WARNING - Security:: John:: used key-card at:: Зона отдыха (курилка)
2022-10-27 21:00:40,533 - WARNING - Security:: John:: used key-card at:: Склад
2022-10-27 21:00:45,516 - WARNING - Chief:: Lora:: used key-card at:: Кухня
2022-10-27 21:00:46,805 - WARNING - Security:: Mark:: used key-card at:: Склад
2022-10-27 21:00:50,671 - WARNING - Waiter:: Julia:: used key-card at:: Технический Сан-Узел
2022-10-27 21:00:53,870 - WARNING - Security:: Mark:: used key-card at:: Технический Сан-Узел
2022-10-27 21:00:55,729 - WARNING - Waiter:: Mike:: used key-card at:: Охранная будка
2022-10-27 21:01:00,103 - WARNING - Waiter:: Julia:: used key-card at:: Охранная будка
2022-10-27 21:01:05,256 - WARNING - Waiter:: Mike:: used key-card at:: Технический Сан-Узел
2022-10-27 21:01:08,544 - WARNING - Chief:: Lora:: used key-card at:: Зона клиентов
2022-10-27 21:01:11,226 - WARNING - Waiter:: Sophia:: used key-card at:: Охранная будка
2022-10-27 21:01:16,152 - WARNING - Waiter:: Mike:: used key-card at:: Зона отдыха (курилка)
2022-10-27 21:01:20,372 - WARNING - Waiter:: Sophia:: used key-card at:: Технический Сан-Узел
2022-10-27 21:01:24,674 - WARNING - Waiter:: Sophia:: used key-card at:: Склад
2022-10-27 21:01:29,379 - WARNING - Security:: Mark:: used key-card at:: Зона отдыха (курилка)
2022-10-27 21:01:30,516 - WARNING - Waiter:: Mike:: used key-card at:: Технический Сан-Узел
2022-10-27 21:01:34,275 - WARNING - Waiter:: Neil:: used key-card at:: Охранная будка
2022-10-27 21:01:36,908 - WARNING - Waiter:: Mike:: used key-card at:: Охранная будка
2022-10-27 21:01:39,250 - WARNING - Waiter:: Sophia:: used key-card at:: Охранная будка
2022-10-27 21:01:40,701 - WARNING - Chief:: Lora:: used key-card at:: Зона отдыха (курилка)
2022-10-27 21:01:44,290 - WARNING - Waiter:: Sophia:: used key-card at:: Кухня
2022-10-27 21:01:45,593 - WARNING - Security:: John:: used key-card at:: Склад
2022-10-27 21:01:50,977 - WARNING - Waiter:: Mike:: used key-card at:: Склад
2022-10-27 21:01:55,727 - WARNING - Chief:: Lora:: used key-card at:: Охранная будка
2022-10-27 21:01:59,139 - WARNING - Waiter:: Sophia:: used key-card at:: Зона отдыха (курилка)
2022-10-27 21:02:03,609 - WARNING - Security:: Mark:: used key-card at:: Кухня
2022-10-27 21:02:05,905 - WARNING - Security:: John:: used key-card at:: Зона клиентов
2022-10-27 21:02:08,511 - WARNING - Chief:: Lora:: used key-card at:: Кухня
2022-10-27 21:02:12,618 - WARNING - Waiter:: Julia:: used key-card at:: Зона отдыха (курилка)
2022-10-27 21:02:13,759 - WARNING - Security:: Mark:: used key-card at:: Склад
2022-10-27 21:02:16,605 - WARNING - Chief:: Lora:: used key-card at:: Склад
2022-10-27 21:02:21,854 - WARNING - Waiter:: Mike:: used key-card at:: Зона клиентов
2022-10-27 21:02:23,332 - WARNING - Security:: Mark:: used key-card at:: Кухня
2022-10-27 21:02:28,164 - WARNING - Waiter:: Mike:: used key-card at:: Склад
2022-10-27 21:02:32,723 - WARNING - Chief:: Lora:: used key-card at:: Склад
2022-10-27 21:02:36,427 - WARNING - Waiter:: Sophia:: used key-card at:: Зона отдыха (курилка)
2022-10-27 21:02:42,338 - WARNING - Chief:: Lora:: used key-card at:: Кухня
2022-10-27 21:02:45,352 - WARNING - Security:: Mark:: used key-card at:: Зона отдыха (курилка)
2022-10-27 21:02:48,150 - WARNING - Chief:: Lora:: used key-card at:: Зона отдыха (курилка)
2022-10-27 21:02:50,271 - WARNING - Security:: John:: used key-card at:: Склад
